mode: set
github.eagleview.com/engineering/symphony-service/lambdas/legacyupdate/status/status.go:13.20,15.2 1 1
github.eagleview.com/engineering/symphony-service/lambdas/legacyupdate/main.go:65.80,67.30 1 1
github.eagleview.com/engineering/symphony-service/lambdas/legacyupdate/main.go:72.2,76.9 4 1
github.eagleview.com/engineering/symphony-service/lambdas/legacyupdate/main.go:81.2,85.16 4 1
github.eagleview.com/engineering/symphony-service/lambdas/legacyupdate/main.go:90.2,100.16 4 1
github.eagleview.com/engineering/symphony-service/lambdas/legacyupdate/main.go:109.2,114.8 2 1
github.eagleview.com/engineering/symphony-service/lambdas/legacyupdate/main.go:67.30,70.3 2 1
github.eagleview.com/engineering/symphony-service/lambdas/legacyupdate/main.go:76.9,79.3 2 1
github.eagleview.com/engineering/symphony-service/lambdas/legacyupdate/main.go:85.16,88.3 2 1
github.eagleview.com/engineering/symphony-service/lambdas/legacyupdate/main.go:100.16,107.3 2 1
github.eagleview.com/engineering/symphony-service/lambdas/legacyupdate/main.go:117.13,125.2 5 0
github.eagleview.com/engineering/symphony-service/lambdas/legacyupdate/legacy_client/legacyClient.go:19.90,25.2 1 1
github.eagleview.com/engineering/symphony-service/lambdas/legacyupdate/legacy_client/legacyClient.go:45.97,48.67 2 1
github.eagleview.com/engineering/symphony-service/lambdas/legacyupdate/legacy_client/legacyClient.go:53.2,61.16 6 1
github.eagleview.com/engineering/symphony-service/lambdas/legacyupdate/legacy_client/legacyClient.go:66.2,66.115 1 1
github.eagleview.com/engineering/symphony-service/lambdas/legacyupdate/legacy_client/legacyClient.go:69.2,69.65 1 1
github.eagleview.com/engineering/symphony-service/lambdas/legacyupdate/legacy_client/legacyClient.go:73.2,74.12 2 1
github.eagleview.com/engineering/symphony-service/lambdas/legacyupdate/legacy_client/legacyClient.go:48.67,51.3 2 1
github.eagleview.com/engineering/symphony-service/lambdas/legacyupdate/legacy_client/legacyClient.go:61.16,64.3 2 1
github.eagleview.com/engineering/symphony-service/lambdas/legacyupdate/legacy_client/legacyClient.go:66.115,68.3 1 1
github.eagleview.com/engineering/symphony-service/lambdas/legacyupdate/legacy_client/legacyClient.go:69.65,72.3 2 1
github.eagleview.com/engineering/symphony-service/lambdas/evmlconverter/main.go:50.88,74.16 8 1
github.eagleview.com/engineering/symphony-service/lambdas/evmlconverter/main.go:79.2,82.39 4 1
github.eagleview.com/engineering/symphony-service/lambdas/evmlconverter/main.go:90.2,93.41 3 1
github.eagleview.com/engineering/symphony-service/lambdas/evmlconverter/main.go:100.2,100.190 1 1
github.eagleview.com/engineering/symphony-service/lambdas/evmlconverter/main.go:115.2,116.16 2 1
github.eagleview.com/engineering/symphony-service/lambdas/evmlconverter/main.go:120.2,120.68 1 1
github.eagleview.com/engineering/symphony-service/lambdas/evmlconverter/main.go:123.2,123.56 1 1
github.eagleview.com/engineering/symphony-service/lambdas/evmlconverter/main.go:126.2,127.24 2 1
github.eagleview.com/engineering/symphony-service/lambdas/evmlconverter/main.go:74.16,77.3 2 1
github.eagleview.com/engineering/symphony-service/lambdas/evmlconverter/main.go:82.39,85.88 1 1
github.eagleview.com/engineering/symphony-service/lambdas/evmlconverter/main.go:85.88,87.9 2 1
github.eagleview.com/engineering/symphony-service/lambdas/evmlconverter/main.go:93.41,95.41 2 1
github.eagleview.com/engineering/symphony-service/lambdas/evmlconverter/main.go:95.41,98.4 2 1
github.eagleview.com/engineering/symphony-service/lambdas/evmlconverter/main.go:100.190,101.87 1 1
github.eagleview.com/engineering/symphony-service/lambdas/evmlconverter/main.go:101.87,104.4 2 1
github.eagleview.com/engineering/symphony-service/lambdas/evmlconverter/main.go:104.9,106.41 2 1
github.eagleview.com/engineering/symphony-service/lambdas/evmlconverter/main.go:106.41,107.86 1 1
github.eagleview.com/engineering/symphony-service/lambdas/evmlconverter/main.go:107.86,109.11 2 1
github.eagleview.com/engineering/symphony-service/lambdas/evmlconverter/main.go:116.16,119.3 2 1
github.eagleview.com/engineering/symphony-service/lambdas/evmlconverter/main.go:120.68,122.3 1 0
github.eagleview.com/engineering/symphony-service/lambdas/evmlconverter/main.go:123.56,125.3 1 0
github.eagleview.com/engineering/symphony-service/lambdas/evmlconverter/main.go:130.202,135.23 3 1
github.eagleview.com/engineering/symphony-service/lambdas/evmlconverter/main.go:145.2,146.16 2 1
github.eagleview.com/engineering/symphony-service/lambdas/evmlconverter/main.go:149.2,152.16 4 1
github.eagleview.com/engineering/symphony-service/lambdas/evmlconverter/main.go:155.2,155.17 1 1
github.eagleview.com/engineering/symphony-service/lambdas/evmlconverter/main.go:135.23,138.3 2 1
github.eagleview.com/engineering/symphony-service/lambdas/evmlconverter/main.go:138.8,143.3 4 1
github.eagleview.com/engineering/symphony-service/lambdas/evmlconverter/main.go:146.16,148.3 1 0
github.eagleview.com/engineering/symphony-service/lambdas/evmlconverter/main.go:152.16,154.3 1 0
github.eagleview.com/engineering/symphony-service/lambdas/evmlconverter/main.go:158.94,160.16 2 1
github.eagleview.com/engineering/symphony-service/lambdas/evmlconverter/main.go:164.2,164.18 1 1
github.eagleview.com/engineering/symphony-service/lambdas/evmlconverter/main.go:160.16,163.3 2 0
github.eagleview.com/engineering/symphony-service/lambdas/evmlconverter/main.go:167.13,171.2 3 0
github.eagleview.com/engineering/symphony-service/lambdas/throttleservice/main.go:40.89,47.16 4 1
github.eagleview.com/engineering/symphony-service/lambdas/throttleservice/main.go:51.2,58.16 4 1
github.eagleview.com/engineering/symphony-service/lambdas/throttleservice/main.go:62.2,62.69 1 1
github.eagleview.com/engineering/symphony-service/lambdas/throttleservice/main.go:47.16,49.3 1 1
github.eagleview.com/engineering/symphony-service/lambdas/throttleservice/main.go:58.16,61.3 2 1
github.eagleview.com/engineering/symphony-service/lambdas/throttleservice/main.go:65.90,69.16 2 1
github.eagleview.com/engineering/symphony-service/lambdas/throttleservice/main.go:74.2,75.16 2 1
github.eagleview.com/engineering/symphony-service/lambdas/throttleservice/main.go:81.2,81.59 1 1
github.eagleview.com/engineering/symphony-service/lambdas/throttleservice/main.go:85.2,86.21 2 1
github.eagleview.com/engineering/symphony-service/lambdas/throttleservice/main.go:69.16,72.3 2 1
github.eagleview.com/engineering/symphony-service/lambdas/throttleservice/main.go:75.16,78.3 2 1
github.eagleview.com/engineering/symphony-service/lambdas/throttleservice/main.go:81.59,84.3 2 1
github.eagleview.com/engineering/symphony-service/lambdas/throttleservice/main.go:89.69,91.111 2 1
github.eagleview.com/engineering/symphony-service/lambdas/throttleservice/main.go:94.2,94.13 1 1
github.eagleview.com/engineering/symphony-service/lambdas/throttleservice/main.go:91.111,93.3 1 1
github.eagleview.com/engineering/symphony-service/lambdas/throttleservice/main.go:97.100,99.16 2 1
github.eagleview.com/engineering/symphony-service/lambdas/throttleservice/main.go:103.2,103.18 1 1
github.eagleview.com/engineering/symphony-service/lambdas/throttleservice/main.go:99.16,102.3 2 1
github.eagleview.com/engineering/symphony-service/lambdas/throttleservice/main.go:106.13,111.2 3 0
github.eagleview.com/engineering/symphony-service/lambdas/querypdw/main.go:87.79,97.16 6 1
github.eagleview.com/engineering/symphony-service/lambdas/querypdw/main.go:100.2,102.16 3 1
github.eagleview.com/engineering/symphony-service/lambdas/querypdw/main.go:107.2,107.104 1 1
github.eagleview.com/engineering/symphony-service/lambdas/querypdw/main.go:112.2,115.14 3 1
github.eagleview.com/engineering/symphony-service/lambdas/querypdw/main.go:97.16,99.3 1 0
github.eagleview.com/engineering/symphony-service/lambdas/querypdw/main.go:102.16,105.3 2 1
github.eagleview.com/engineering/symphony-service/lambdas/querypdw/main.go:107.104,111.3 3 1
github.eagleview.com/engineering/symphony-service/lambdas/querypdw/main.go:115.14,117.36 1 1
github.eagleview.com/engineering/symphony-service/lambdas/querypdw/main.go:121.3,131.33 3 1
github.eagleview.com/engineering/symphony-service/lambdas/querypdw/main.go:117.36,120.4 2 1
github.eagleview.com/engineering/symphony-service/lambdas/querypdw/main.go:132.8,134.17 2 1
github.eagleview.com/engineering/symphony-service/lambdas/querypdw/main.go:138.3,141.17 4 1
github.eagleview.com/engineering/symphony-service/lambdas/querypdw/main.go:144.3,146.17 3 1
github.eagleview.com/engineering/symphony-service/lambdas/querypdw/main.go:150.3,151.62 2 1
github.eagleview.com/engineering/symphony-service/lambdas/querypdw/main.go:134.17,137.4 2 0
github.eagleview.com/engineering/symphony-service/lambdas/querypdw/main.go:141.17,143.4 1 0
github.eagleview.com/engineering/symphony-service/lambdas/querypdw/main.go:146.17,149.4 2 0
github.eagleview.com/engineering/symphony-service/lambdas/querypdw/main.go:155.58,161.2 5 1
github.eagleview.com/engineering/symphony-service/lambdas/querypdw/main.go:162.74,170.16 8 1
github.eagleview.com/engineering/symphony-service/lambdas/querypdw/main.go:174.2,179.16 4 1
github.eagleview.com/engineering/symphony-service/lambdas/querypdw/main.go:183.2,184.16 2 1
github.eagleview.com/engineering/symphony-service/lambdas/querypdw/main.go:188.2,188.26 1 1
github.eagleview.com/engineering/symphony-service/lambdas/querypdw/main.go:170.16,173.3 2 1
github.eagleview.com/engineering/symphony-service/lambdas/querypdw/main.go:179.16,182.3 2 0
github.eagleview.com/engineering/symphony-service/lambdas/querypdw/main.go:184.16,187.3 2 1
github.eagleview.com/engineering/symphony-service/lambdas/querypdw/main.go:190.111,196.16 5 1
github.eagleview.com/engineering/symphony-service/lambdas/querypdw/main.go:203.2,205.16 3 1
github.eagleview.com/engineering/symphony-service/lambdas/querypdw/main.go:208.2,208.107 1 1
github.eagleview.com/engineering/symphony-service/lambdas/querypdw/main.go:211.2,211.61 1 1
github.eagleview.com/engineering/symphony-service/lambdas/querypdw/main.go:215.2,216.26 2 1
github.eagleview.com/engineering/symphony-service/lambdas/querypdw/main.go:196.16,198.61 2 1
github.eagleview.com/engineering/symphony-service/lambdas/querypdw/main.go:201.3,201.101 1 1
github.eagleview.com/engineering/symphony-service/lambdas/querypdw/main.go:198.61,200.4 1 0
github.eagleview.com/engineering/symphony-service/lambdas/querypdw/main.go:205.16,207.3 1 0
github.eagleview.com/engineering/symphony-service/lambdas/querypdw/main.go:208.107,210.3 1 1
github.eagleview.com/engineering/symphony-service/lambdas/querypdw/main.go:211.61,214.3 2 1
github.eagleview.com/engineering/symphony-service/lambdas/querypdw/main.go:219.150,229.23 3 1
github.eagleview.com/engineering/symphony-service/lambdas/querypdw/main.go:232.2,233.16 2 1
github.eagleview.com/engineering/symphony-service/lambdas/querypdw/main.go:237.2,238.16 2 1
github.eagleview.com/engineering/symphony-service/lambdas/querypdw/main.go:242.2,242.12 1 1
github.eagleview.com/engineering/symphony-service/lambdas/querypdw/main.go:229.23,231.3 1 1
github.eagleview.com/engineering/symphony-service/lambdas/querypdw/main.go:233.16,236.3 2 0
github.eagleview.com/engineering/symphony-service/lambdas/querypdw/main.go:238.16,241.3 2 1
github.eagleview.com/engineering/symphony-service/lambdas/querypdw/main.go:244.81,245.54 1 1
github.eagleview.com/engineering/symphony-service/lambdas/querypdw/main.go:248.2,248.67 1 1
github.eagleview.com/engineering/symphony-service/lambdas/querypdw/main.go:254.2,254.13 1 1
github.eagleview.com/engineering/symphony-service/lambdas/querypdw/main.go:245.54,247.3 1 0
github.eagleview.com/engineering/symphony-service/lambdas/querypdw/main.go:248.67,250.76 2 1
github.eagleview.com/engineering/symphony-service/lambdas/querypdw/main.go:250.76,252.4 1 1
github.eagleview.com/engineering/symphony-service/lambdas/querypdw/main.go:256.106,258.20 2 1
github.eagleview.com/engineering/symphony-service/lambdas/querypdw/main.go:265.2,266.34 2 1
github.eagleview.com/engineering/symphony-service/lambdas/querypdw/main.go:277.2,278.30 2 1
github.eagleview.com/engineering/symphony-service/lambdas/querypdw/main.go:283.2,283.14 1 1
github.eagleview.com/engineering/symphony-service/lambdas/querypdw/main.go:258.20,260.3 1 0
github.eagleview.com/engineering/symphony-service/lambdas/querypdw/main.go:260.8,260.26 1 1
github.eagleview.com/engineering/symphony-service/lambdas/querypdw/main.go:260.26,262.3 1 1
github.eagleview.com/engineering/symphony-service/lambdas/querypdw/main.go:262.8,264.3 1 0
github.eagleview.com/engineering/symphony-service/lambdas/querypdw/main.go:266.34,270.26 4 1
github.eagleview.com/engineering/symphony-service/lambdas/querypdw/main.go:270.26,271.16 1 1
github.eagleview.com/engineering/symphony-service/lambdas/querypdw/main.go:274.4,274.94 1 1
github.eagleview.com/engineering/symphony-service/lambdas/querypdw/main.go:271.16,272.13 1 1
github.eagleview.com/engineering/symphony-service/lambdas/querypdw/main.go:278.30,280.3 1 0
github.eagleview.com/engineering/symphony-service/lambdas/querypdw/main.go:280.8,282.3 1 1
github.eagleview.com/engineering/symphony-service/lambdas/querypdw/main.go:286.86,288.46 2 1
github.eagleview.com/engineering/symphony-service/lambdas/querypdw/main.go:296.2,296.16 1 1
github.eagleview.com/engineering/symphony-service/lambdas/querypdw/main.go:288.46,290.3 1 1
github.eagleview.com/engineering/symphony-service/lambdas/querypdw/main.go:290.8,291.49 1 1
github.eagleview.com/engineering/symphony-service/lambdas/querypdw/main.go:294.3,294.41 1 1
github.eagleview.com/engineering/symphony-service/lambdas/querypdw/main.go:291.49,293.4 1 1
github.eagleview.com/engineering/symphony-service/lambdas/querypdw/main.go:299.103,300.48 1 1
github.eagleview.com/engineering/symphony-service/lambdas/querypdw/main.go:307.2,307.33 1 1
github.eagleview.com/engineering/symphony-service/lambdas/querypdw/main.go:300.48,301.62 1 1
github.eagleview.com/engineering/symphony-service/lambdas/querypdw/main.go:301.62,303.4 1 1
github.eagleview.com/engineering/symphony-service/lambdas/querypdw/main.go:304.8,306.3 1 1
github.eagleview.com/engineering/symphony-service/lambdas/querypdw/main.go:309.55,310.32 1 1
github.eagleview.com/engineering/symphony-service/lambdas/querypdw/main.go:315.2,315.14 1 1
github.eagleview.com/engineering/symphony-service/lambdas/querypdw/main.go:310.32,311.24 1 1
github.eagleview.com/engineering/symphony-service/lambdas/querypdw/main.go:311.24,313.4 1 1
github.eagleview.com/engineering/symphony-service/lambdas/querypdw/main.go:317.85,319.16 2 1
github.eagleview.com/engineering/symphony-service/lambdas/querypdw/main.go:323.2,323.18 1 1
github.eagleview.com/engineering/symphony-service/lambdas/querypdw/main.go:319.16,322.3 2 0
github.eagleview.com/engineering/symphony-service/lambdas/querypdw/main.go:325.13,332.2 4 0
github.eagleview.com/engineering/symphony-service/lambdas/invokesfn/main.go:48.13,52.2 3 0
github.eagleview.com/engineering/symphony-service/lambdas/invokesfn/main.go:54.79,56.16 2 1
github.eagleview.com/engineering/symphony-service/lambdas/invokesfn/main.go:62.2,62.12 1 1
github.eagleview.com/engineering/symphony-service/lambdas/invokesfn/main.go:56.16,61.3 2 1
github.eagleview.com/engineering/symphony-service/lambdas/invokesfn/main.go:65.87,69.43 3 1
github.eagleview.com/engineering/symphony-service/lambdas/invokesfn/main.go:98.2,99.17 2 1
github.eagleview.com/engineering/symphony-service/lambdas/invokesfn/main.go:69.43,72.57 3 1
github.eagleview.com/engineering/symphony-service/lambdas/invokesfn/main.go:75.3,77.17 3 1
github.eagleview.com/engineering/symphony-service/lambdas/invokesfn/main.go:82.3,84.24 2 1
github.eagleview.com/engineering/symphony-service/lambdas/invokesfn/main.go:91.3,93.17 3 1
github.eagleview.com/engineering/symphony-service/lambdas/invokesfn/main.go:72.57,74.4 1 1
github.eagleview.com/engineering/symphony-service/lambdas/invokesfn/main.go:77.17,80.4 2 0
github.eagleview.com/engineering/symphony-service/lambdas/invokesfn/main.go:85.33,86.54 1 1
github.eagleview.com/engineering/symphony-service/lambdas/invokesfn/main.go:87.11,88.51 1 0
github.eagleview.com/engineering/symphony-service/lambdas/invokesfn/main.go:93.17,96.4 2 1
github.eagleview.com/engineering/symphony-service/lambdas/invokesfn/main.go:102.61,107.16 5 1
github.eagleview.com/engineering/symphony-service/lambdas/invokesfn/main.go:112.2,115.69 3 1
github.eagleview.com/engineering/symphony-service/lambdas/invokesfn/main.go:120.2,121.12 2 1
github.eagleview.com/engineering/symphony-service/lambdas/invokesfn/main.go:107.16,110.3 2 1
github.eagleview.com/engineering/symphony-service/lambdas/invokesfn/main.go:115.69,118.3 2 1
github.eagleview.com/engineering/symphony-service/lambdas/datastorelambda/main.go:38.88,43.24 4 1
github.eagleview.com/engineering/symphony-service/lambdas/datastorelambda/main.go:78.2,79.55 2 1
github.eagleview.com/engineering/symphony-service/lambdas/datastorelambda/main.go:44.16,53.17 9 1
github.eagleview.com/engineering/symphony-service/lambdas/datastorelambda/main.go:57.16,60.17 2 1
github.eagleview.com/engineering/symphony-service/lambdas/datastorelambda/main.go:64.3,72.17 4 1
github.eagleview.com/engineering/symphony-service/lambdas/datastorelambda/main.go:53.17,56.4 2 1
github.eagleview.com/engineering/symphony-service/lambdas/datastorelambda/main.go:60.17,63.4 2 0
github.eagleview.com/engineering/symphony-service/lambdas/datastorelambda/main.go:72.17,75.4 2 1
github.eagleview.com/engineering/symphony-service/lambdas/datastorelambda/main.go:82.96,84.16 2 1
github.eagleview.com/engineering/symphony-service/lambdas/datastorelambda/main.go:88.2,88.18 1 1
github.eagleview.com/engineering/symphony-service/lambdas/datastorelambda/main.go:84.16,87.3 2 1
github.eagleview.com/engineering/symphony-service/lambdas/datastorelambda/main.go:91.13,95.2 3 0
github.eagleview.com/engineering/symphony-service/lambdas/datastorelambda/main.go:97.64,99.16 2 1
github.eagleview.com/engineering/symphony-service/lambdas/datastorelambda/main.go:103.2,104.54 2 1
github.eagleview.com/engineering/symphony-service/lambdas/datastorelambda/main.go:111.2,111.25 1 1
github.eagleview.com/engineering/symphony-service/lambdas/datastorelambda/main.go:114.2,119.16 4 1
github.eagleview.com/engineering/symphony-service/lambdas/datastorelambda/main.go:125.2,127.16 3 1
github.eagleview.com/engineering/symphony-service/lambdas/datastorelambda/main.go:131.2,135.12 2 1
github.eagleview.com/engineering/symphony-service/lambdas/datastorelambda/main.go:99.16,102.3 1 0
github.eagleview.com/engineering/symphony-service/lambdas/datastorelambda/main.go:104.54,105.32 1 1
github.eagleview.com/engineering/symphony-service/lambdas/datastorelambda/main.go:105.32,107.9 2 1
github.eagleview.com/engineering/symphony-service/lambdas/datastorelambda/main.go:111.25,113.3 1 1
github.eagleview.com/engineering/symphony-service/lambdas/datastorelambda/main.go:119.16,122.3 2 0
github.eagleview.com/engineering/symphony-service/lambdas/datastorelambda/main.go:127.16,130.3 2 0
github.eagleview.com/engineering/symphony-service/lambdas/callbacklambda/main.go:37.120,40.80 2 1
github.eagleview.com/engineering/symphony-service/lambdas/callbacklambda/main.go:43.2,45.16 3 1
github.eagleview.com/engineering/symphony-service/lambdas/callbacklambda/main.go:50.2,55.47 5 1
github.eagleview.com/engineering/symphony-service/lambdas/callbacklambda/main.go:60.2,60.93 1 1
github.eagleview.com/engineering/symphony-service/lambdas/callbacklambda/main.go:69.2,69.16 1 1
github.eagleview.com/engineering/symphony-service/lambdas/callbacklambda/main.go:74.2,76.16 3 1
github.eagleview.com/engineering/symphony-service/lambdas/callbacklambda/main.go:80.2,82.16 3 1
github.eagleview.com/engineering/symphony-service/lambdas/callbacklambda/main.go:86.2,88.16 3 1
github.eagleview.com/engineering/symphony-service/lambdas/callbacklambda/main.go:92.2,92.87 1 1
github.eagleview.com/engineering/symphony-service/lambdas/callbacklambda/main.go:40.80,42.3 1 1
github.eagleview.com/engineering/symphony-service/lambdas/callbacklambda/main.go:45.16,48.3 2 1
github.eagleview.com/engineering/symphony-service/lambdas/callbacklambda/main.go:55.47,57.3 1 1
github.eagleview.com/engineering/symphony-service/lambdas/callbacklambda/main.go:57.8,59.3 1 1
github.eagleview.com/engineering/symphony-service/lambdas/callbacklambda/main.go:60.93,65.3 4 1
github.eagleview.com/engineering/symphony-service/lambdas/callbacklambda/main.go:65.8,68.3 2 1
github.eagleview.com/engineering/symphony-service/lambdas/callbacklambda/main.go:69.16,72.3 2 1
github.eagleview.com/engineering/symphony-service/lambdas/callbacklambda/main.go:76.16,79.3 2 1
github.eagleview.com/engineering/symphony-service/lambdas/callbacklambda/main.go:82.16,85.3 2 0
github.eagleview.com/engineering/symphony-service/lambdas/callbacklambda/main.go:88.16,91.3 2 0
github.eagleview.com/engineering/symphony-service/lambdas/callbacklambda/main.go:95.13,99.2 3 0
github.eagleview.com/engineering/symphony-service/lambdas/callbacklambda/main.go:101.96,103.16 2 1
github.eagleview.com/engineering/symphony-service/lambdas/callbacklambda/main.go:107.2,107.18 1 1
github.eagleview.com/engineering/symphony-service/lambdas/callbacklambda/main.go:103.16,106.3 2 1
github.eagleview.com/engineering/symphony-service/lambdas/sim2pdw/main.go:136.91,139.73 3 1
github.eagleview.com/engineering/symphony-service/lambdas/sim2pdw/main.go:143.2,144.16 2 1
github.eagleview.com/engineering/symphony-service/lambdas/sim2pdw/main.go:149.2,150.16 2 1
github.eagleview.com/engineering/symphony-service/lambdas/sim2pdw/main.go:153.2,155.16 3 1
github.eagleview.com/engineering/symphony-service/lambdas/sim2pdw/main.go:159.2,160.16 2 1
github.eagleview.com/engineering/symphony-service/lambdas/sim2pdw/main.go:164.2,165.16 2 1
github.eagleview.com/engineering/symphony-service/lambdas/sim2pdw/main.go:169.2,171.16 3 1
github.eagleview.com/engineering/symphony-service/lambdas/sim2pdw/main.go:174.2,177.78 3 1
github.eagleview.com/engineering/symphony-service/lambdas/sim2pdw/main.go:139.73,141.3 1 1
github.eagleview.com/engineering/symphony-service/lambdas/sim2pdw/main.go:144.16,147.3 2 0
github.eagleview.com/engineering/symphony-service/lambdas/sim2pdw/main.go:150.16,152.3 1 0
github.eagleview.com/engineering/symphony-service/lambdas/sim2pdw/main.go:155.16,157.3 1 1
github.eagleview.com/engineering/symphony-service/lambdas/sim2pdw/main.go:160.16,162.3 1 0
github.eagleview.com/engineering/symphony-service/lambdas/sim2pdw/main.go:165.16,167.3 1 0
github.eagleview.com/engineering/symphony-service/lambdas/sim2pdw/main.go:171.16,173.3 1 0
github.eagleview.com/engineering/symphony-service/lambdas/sim2pdw/main.go:180.105,196.40 8 1
github.eagleview.com/engineering/symphony-service/lambdas/sim2pdw/main.go:267.2,306.18 3 1
github.eagleview.com/engineering/symphony-service/lambdas/sim2pdw/main.go:196.40,233.17 13 1
github.eagleview.com/engineering/symphony-service/lambdas/sim2pdw/main.go:264.3,264.31 1 1
github.eagleview.com/engineering/symphony-service/lambdas/sim2pdw/main.go:234.19,235.31 1 1
github.eagleview.com/engineering/symphony-service/lambdas/sim2pdw/main.go:238.4,240.17 3 1
github.eagleview.com/engineering/symphony-service/lambdas/sim2pdw/main.go:246.21,247.33 1 1
github.eagleview.com/engineering/symphony-service/lambdas/sim2pdw/main.go:250.4,251.24 2 1
github.eagleview.com/engineering/symphony-service/lambdas/sim2pdw/main.go:253.24,254.36 1 1
github.eagleview.com/engineering/symphony-service/lambdas/sim2pdw/main.go:257.4,258.18 2 1
github.eagleview.com/engineering/symphony-service/lambdas/sim2pdw/main.go:260.11,262.12 2 0
github.eagleview.com/engineering/symphony-service/lambdas/sim2pdw/main.go:235.31,236.13 1 1
github.eagleview.com/engineering/symphony-service/lambdas/sim2pdw/main.go:240.17,244.5 1 1
github.eagleview.com/engineering/symphony-service/lambdas/sim2pdw/main.go:247.33,248.13 1 0
github.eagleview.com/engineering/symphony-service/lambdas/sim2pdw/main.go:254.36,255.13 1 0
github.eagleview.com/engineering/symphony-service/lambdas/sim2pdw/main.go:309.97,311.16 2 1
github.eagleview.com/engineering/symphony-service/lambdas/sim2pdw/main.go:315.2,315.18 1 1
github.eagleview.com/engineering/symphony-service/lambdas/sim2pdw/main.go:311.16,314.3 2 0
github.eagleview.com/engineering/symphony-service/lambdas/sim2pdw/main.go:318.13,322.2 3 0
github.eagleview.com/engineering/symphony-service/lambdas/uploadimage/main.go:64.80,72.101 5 1
github.eagleview.com/engineering/symphony-service/lambdas/uploadimage/main.go:83.2,84.16 2 1
github.eagleview.com/engineering/symphony-service/lambdas/uploadimage/main.go:95.2,99.16 3 1
github.eagleview.com/engineering/symphony-service/lambdas/uploadimage/main.go:110.2,120.27 4 1
github.eagleview.com/engineering/symphony-service/lambdas/uploadimage/main.go:72.101,80.3 3 1
github.eagleview.com/engineering/symphony-service/lambdas/uploadimage/main.go:84.16,94.3 4 1
github.eagleview.com/engineering/symphony-service/lambdas/uploadimage/main.go:99.16,109.3 4 0
github.eagleview.com/engineering/symphony-service/lambdas/uploadimage/main.go:123.83,133.29 9 1
github.eagleview.com/engineering/symphony-service/lambdas/uploadimage/main.go:164.2,166.34 3 1
github.eagleview.com/engineering/symphony-service/lambdas/uploadimage/main.go:173.2,174.12 2 1
github.eagleview.com/engineering/symphony-service/lambdas/uploadimage/main.go:133.29,134.23 1 1
github.eagleview.com/engineering/symphony-service/lambdas/uploadimage/main.go:151.3,151.28 1 1
github.eagleview.com/engineering/symphony-service/lambdas/uploadimage/main.go:134.23,137.4 2 1
github.eagleview.com/engineering/symphony-service/lambdas/uploadimage/main.go:137.9,137.30 1 1
github.eagleview.com/engineering/symphony-service/lambdas/uploadimage/main.go:137.30,140.4 2 1
github.eagleview.com/engineering/symphony-service/lambdas/uploadimage/main.go:140.9,140.30 1 1
github.eagleview.com/engineering/symphony-service/lambdas/uploadimage/main.go:140.30,143.4 2 1
github.eagleview.com/engineering/symphony-service/lambdas/uploadimage/main.go:143.9,143.30 1 1
github.eagleview.com/engineering/symphony-service/lambdas/uploadimage/main.go:143.30,146.4 2 1
github.eagleview.com/engineering/symphony-service/lambdas/uploadimage/main.go:146.9,146.30 1 1
github.eagleview.com/engineering/symphony-service/lambdas/uploadimage/main.go:146.30,149.4 2 1
github.eagleview.com/engineering/symphony-service/lambdas/uploadimage/main.go:151.28,153.4 1 0
github.eagleview.com/engineering/symphony-service/lambdas/uploadimage/main.go:153.9,162.4 7 1
github.eagleview.com/engineering/symphony-service/lambdas/uploadimage/main.go:166.34,168.16 2 1
github.eagleview.com/engineering/symphony-service/lambdas/uploadimage/main.go:168.16,170.4 1 1
github.eagleview.com/engineering/symphony-service/lambdas/uploadimage/main.go:177.92,188.16 11 1
github.eagleview.com/engineering/symphony-service/lambdas/uploadimage/main.go:191.2,191.12 1 1
github.eagleview.com/engineering/symphony-service/lambdas/uploadimage/main.go:188.16,190.3 1 1
github.eagleview.com/engineering/symphony-service/lambdas/uploadimage/main.go:194.146,198.16 4 1
github.eagleview.com/engineering/symphony-service/lambdas/uploadimage/main.go:204.2,205.16 2 1
github.eagleview.com/engineering/symphony-service/lambdas/uploadimage/main.go:211.2,214.9 3 1
github.eagleview.com/engineering/symphony-service/lambdas/uploadimage/main.go:220.2,223.22 2 1
github.eagleview.com/engineering/symphony-service/lambdas/uploadimage/main.go:231.2,233.16 2 1
github.eagleview.com/engineering/symphony-service/lambdas/uploadimage/main.go:239.2,239.115 1 1
github.eagleview.com/engineering/symphony-service/lambdas/uploadimage/main.go:243.2,243.65 1 1
github.eagleview.com/engineering/symphony-service/lambdas/uploadimage/main.go:248.2,248.16 1 1
github.eagleview.com/engineering/symphony-service/lambdas/uploadimage/main.go:198.16,202.3 3 1
github.eagleview.com/engineering/symphony-service/lambdas/uploadimage/main.go:205.16,209.3 3 1
github.eagleview.com/engineering/symphony-service/lambdas/uploadimage/main.go:214.9,218.3 3 0
github.eagleview.com/engineering/symphony-service/lambdas/uploadimage/main.go:223.22,226.17 3 1
github.eagleview.com/engineering/symphony-service/lambdas/uploadimage/main.go:226.17,229.4 2 0
github.eagleview.com/engineering/symphony-service/lambdas/uploadimage/main.go:233.16,237.3 3 0
github.eagleview.com/engineering/symphony-service/lambdas/uploadimage/main.go:239.115,242.3 2 0
github.eagleview.com/engineering/symphony-service/lambdas/uploadimage/main.go:243.65,247.3 3 0
github.eagleview.com/engineering/symphony-service/lambdas/uploadimage/main.go:251.13,258.2 4 0
github.eagleview.com/engineering/symphony-service/lambdas/calloutlambda/main.go:105.96,109.18 4 1
github.eagleview.com/engineering/symphony-service/lambdas/calloutlambda/main.go:164.2,165.12 2 1
github.eagleview.com/engineering/symphony-service/lambdas/calloutlambda/main.go:110.26,111.13 1 1
github.eagleview.com/engineering/symphony-service/lambdas/calloutlambda/main.go:112.23,114.17 2 1
github.eagleview.com/engineering/symphony-service/lambdas/calloutlambda/main.go:117.3,120.13 4 1
github.eagleview.com/engineering/symphony-service/lambdas/calloutlambda/main.go:121.25,124.26 3 1
github.eagleview.com/engineering/symphony-service/lambdas/calloutlambda/main.go:148.3,149.13 2 1
github.eagleview.com/engineering/symphony-service/lambdas/calloutlambda/main.go:150.24,153.17 2 1
github.eagleview.com/engineering/symphony-service/lambdas/calloutlambda/main.go:157.3,159.17 2 1
github.eagleview.com/engineering/symphony-service/lambdas/calloutlambda/main.go:162.3,162.51 1 1
github.eagleview.com/engineering/symphony-service/lambdas/calloutlambda/main.go:114.17,116.4 1 1
github.eagleview.com/engineering/symphony-service/lambdas/calloutlambda/main.go:125.35,130.18 4 1
github.eagleview.com/engineering/symphony-service/lambdas/calloutlambda/main.go:133.4,135.69 3 1
github.eagleview.com/engineering/symphony-service/lambdas/calloutlambda/main.go:137.29,142.19 4 1
github.eagleview.com/engineering/symphony-service/lambdas/calloutlambda/main.go:146.4,146.49 1 1
github.eagleview.com/engineering/symphony-service/lambdas/calloutlambda/main.go:130.18,132.5 1 1
github.eagleview.com/engineering/symphony-service/lambdas/calloutlambda/main.go:142.19,144.5 1 1
github.eagleview.com/engineering/symphony-service/lambdas/calloutlambda/main.go:153.17,155.4 1 1
github.eagleview.com/engineering/symphony-service/lambdas/calloutlambda/main.go:159.17,161.4 1 0
github.eagleview.com/engineering/symphony-service/lambdas/calloutlambda/main.go:168.63,169.81 1 1
github.eagleview.com/engineering/symphony-service/lambdas/calloutlambda/main.go:172.2,173.16 2 1
github.eagleview.com/engineering/symphony-service/lambdas/calloutlambda/main.go:176.2,176.28 1 1
github.eagleview.com/engineering/symphony-service/lambdas/calloutlambda/main.go:169.81,171.3 1 1
github.eagleview.com/engineering/symphony-service/lambdas/calloutlambda/main.go:173.16,175.3 1 1
github.eagleview.com/engineering/symphony-service/lambdas/calloutlambda/main.go:179.64,183.2 3 1
github.eagleview.com/engineering/symphony-service/lambdas/calloutlambda/main.go:185.148,188.16 3 1
github.eagleview.com/engineering/symphony-service/lambdas/calloutlambda/main.go:192.2,193.39 2 1
github.eagleview.com/engineering/symphony-service/lambdas/calloutlambda/main.go:196.2,200.20 5 1
github.eagleview.com/engineering/symphony-service/lambdas/calloutlambda/main.go:205.2,205.16 1 1
github.eagleview.com/engineering/symphony-service/lambdas/calloutlambda/main.go:213.2,215.16 3 1
github.eagleview.com/engineering/symphony-service/lambdas/calloutlambda/main.go:219.2,219.107 1 1
github.eagleview.com/engineering/symphony-service/lambdas/calloutlambda/main.go:222.2,222.61 1 1
github.eagleview.com/engineering/symphony-service/lambdas/calloutlambda/main.go:227.2,228.39 2 1
github.eagleview.com/engineering/symphony-service/lambdas/calloutlambda/main.go:188.16,191.3 2 0
github.eagleview.com/engineering/symphony-service/lambdas/calloutlambda/main.go:193.39,195.3 1 1
github.eagleview.com/engineering/symphony-service/lambdas/calloutlambda/main.go:200.20,202.3 1 1
github.eagleview.com/engineering/symphony-service/lambdas/calloutlambda/main.go:202.8,204.3 1 1
github.eagleview.com/engineering/symphony-service/lambdas/calloutlambda/main.go:205.16,207.61 2 1
github.eagleview.com/engineering/symphony-service/lambdas/calloutlambda/main.go:210.3,210.93 1 1
github.eagleview.com/engineering/symphony-service/lambdas/calloutlambda/main.go:207.61,209.4 1 0
github.eagleview.com/engineering/symphony-service/lambdas/calloutlambda/main.go:215.16,217.3 1 0
github.eagleview.com/engineering/symphony-service/lambdas/calloutlambda/main.go:219.107,221.3 1 1
github.eagleview.com/engineering/symphony-service/lambdas/calloutlambda/main.go:222.61,225.3 2 1
github.eagleview.com/engineering/symphony-service/lambdas/calloutlambda/main.go:231.122,234.20 3 1
github.eagleview.com/engineering/symphony-service/lambdas/calloutlambda/main.go:237.2,237.23 1 1
github.eagleview.com/engineering/symphony-service/lambdas/calloutlambda/main.go:242.2,245.16 3 1
github.eagleview.com/engineering/symphony-service/lambdas/calloutlambda/main.go:249.2,252.16 3 1
github.eagleview.com/engineering/symphony-service/lambdas/calloutlambda/main.go:257.2,257.61 1 1
github.eagleview.com/engineering/symphony-service/lambdas/calloutlambda/main.go:262.2,262.50 1 1
github.eagleview.com/engineering/symphony-service/lambdas/calloutlambda/main.go:234.20,236.3 1 1
github.eagleview.com/engineering/symphony-service/lambdas/calloutlambda/main.go:237.23,240.3 2 1
github.eagleview.com/engineering/symphony-service/lambdas/calloutlambda/main.go:245.16,248.3 2 1
github.eagleview.com/engineering/symphony-service/lambdas/calloutlambda/main.go:252.16,255.3 2 1
github.eagleview.com/engineering/symphony-service/lambdas/calloutlambda/main.go:257.61,260.3 2 1
github.eagleview.com/engineering/symphony-service/lambdas/calloutlambda/main.go:265.140,270.20 5 1
github.eagleview.com/engineering/symphony-service/lambdas/calloutlambda/main.go:279.2,279.16 1 1
github.eagleview.com/engineering/symphony-service/lambdas/calloutlambda/main.go:287.2,290.16 3 1
github.eagleview.com/engineering/symphony-service/lambdas/calloutlambda/main.go:293.2,293.107 1 1
github.eagleview.com/engineering/symphony-service/lambdas/calloutlambda/main.go:296.2,296.61 1 1
github.eagleview.com/engineering/symphony-service/lambdas/calloutlambda/main.go:301.2,302.39 2 1
github.eagleview.com/engineering/symphony-service/lambdas/calloutlambda/main.go:271.18,272.89 1 1
github.eagleview.com/engineering/symphony-service/lambdas/calloutlambda/main.go:273.17,274.88 1 1
github.eagleview.com/engineering/symphony-service/lambdas/calloutlambda/main.go:275.20,276.65 1 1
github.eagleview.com/engineering/symphony-service/lambdas/calloutlambda/main.go:279.16,281.61 2 1
github.eagleview.com/engineering/symphony-service/lambdas/calloutlambda/main.go:284.3,284.105 1 1
github.eagleview.com/engineering/symphony-service/lambdas/calloutlambda/main.go:281.61,283.4 1 0
github.eagleview.com/engineering/symphony-service/lambdas/calloutlambda/main.go:290.16,292.3 1 0
github.eagleview.com/engineering/symphony-service/lambdas/calloutlambda/main.go:293.107,295.3 1 1
github.eagleview.com/engineering/symphony-service/lambdas/calloutlambda/main.go:296.61,299.3 2 1
github.eagleview.com/engineering/symphony-service/lambdas/calloutlambda/main.go:305.96,308.25 3 1
github.eagleview.com/engineering/symphony-service/lambdas/calloutlambda/main.go:341.2,343.37 3 1
github.eagleview.com/engineering/symphony-service/lambdas/calloutlambda/main.go:309.34,314.17 5 1
github.eagleview.com/engineering/symphony-service/lambdas/calloutlambda/main.go:317.3,320.58 4 1
github.eagleview.com/engineering/symphony-service/lambdas/calloutlambda/main.go:322.28,329.18 6 1
github.eagleview.com/engineering/symphony-service/lambdas/calloutlambda/main.go:332.3,332.18 1 1
github.eagleview.com/engineering/symphony-service/lambdas/calloutlambda/main.go:335.28,339.65 4 0
github.eagleview.com/engineering/symphony-service/lambdas/calloutlambda/main.go:314.17,316.4 1 1
github.eagleview.com/engineering/symphony-service/lambdas/calloutlambda/main.go:329.18,331.4 1 1
github.eagleview.com/engineering/symphony-service/lambdas/calloutlambda/main.go:332.18,334.4 1 0
github.eagleview.com/engineering/symphony-service/lambdas/calloutlambda/main.go:346.83,349.16 2 1
github.eagleview.com/engineering/symphony-service/lambdas/calloutlambda/main.go:353.2,354.16 2 1
github.eagleview.com/engineering/symphony-service/lambdas/calloutlambda/main.go:357.2,357.12 1 1
github.eagleview.com/engineering/symphony-service/lambdas/calloutlambda/main.go:349.16,352.3 2 1
github.eagleview.com/engineering/symphony-service/lambdas/calloutlambda/main.go:354.16,356.3 1 1
github.eagleview.com/engineering/symphony-service/lambdas/calloutlambda/main.go:360.88,365.16 4 1
github.eagleview.com/engineering/symphony-service/lambdas/calloutlambda/main.go:368.2,370.16 3 1
github.eagleview.com/engineering/symphony-service/lambdas/calloutlambda/main.go:375.2,377.8 3 1
github.eagleview.com/engineering/symphony-service/lambdas/calloutlambda/main.go:384.2,385.9 2 1
github.eagleview.com/engineering/symphony-service/lambdas/calloutlambda/main.go:389.2,391.37 2 1
github.eagleview.com/engineering/symphony-service/lambdas/calloutlambda/main.go:396.2,397.12 2 1
github.eagleview.com/engineering/symphony-service/lambdas/calloutlambda/main.go:365.16,367.3 1 1
github.eagleview.com/engineering/symphony-service/lambdas/calloutlambda/main.go:370.16,373.3 2 1
github.eagleview.com/engineering/symphony-service/lambdas/calloutlambda/main.go:377.8,378.34 1 1
github.eagleview.com/engineering/symphony-service/lambdas/calloutlambda/main.go:381.3,381.123 1 1
github.eagleview.com/engineering/symphony-service/lambdas/calloutlambda/main.go:378.34,380.4 1 1
github.eagleview.com/engineering/symphony-service/lambdas/calloutlambda/main.go:385.9,388.3 2 1
github.eagleview.com/engineering/symphony-service/lambdas/calloutlambda/main.go:391.37,394.3 2 1
github.eagleview.com/engineering/symphony-service/lambdas/calloutlambda/main.go:400.131,405.16 5 1
github.eagleview.com/engineering/symphony-service/lambdas/calloutlambda/main.go:408.2,409.30 2 1
github.eagleview.com/engineering/symphony-service/lambdas/calloutlambda/main.go:416.2,418.8 3 1
github.eagleview.com/engineering/symphony-service/lambdas/calloutlambda/main.go:424.2,425.18 2 1
github.eagleview.com/engineering/symphony-service/lambdas/calloutlambda/main.go:405.16,407.3 1 1
github.eagleview.com/engineering/symphony-service/lambdas/calloutlambda/main.go:409.30,411.17 2 1
github.eagleview.com/engineering/symphony-service/lambdas/calloutlambda/main.go:411.17,414.4 2 1
github.eagleview.com/engineering/symphony-service/lambdas/calloutlambda/main.go:418.8,419.34 1 1
github.eagleview.com/engineering/symphony-service/lambdas/calloutlambda/main.go:422.3,422.138 1 1
github.eagleview.com/engineering/symphony-service/lambdas/calloutlambda/main.go:419.34,421.4 1 1
github.eagleview.com/engineering/symphony-service/lambdas/calloutlambda/main.go:428.79,436.2 2 1
github.eagleview.com/engineering/symphony-service/lambdas/calloutlambda/main.go:438.56,439.68 1 1
github.eagleview.com/engineering/symphony-service/lambdas/calloutlambda/main.go:443.2,445.68 2 1
github.eagleview.com/engineering/symphony-service/lambdas/calloutlambda/main.go:448.2,448.88 1 1
github.eagleview.com/engineering/symphony-service/lambdas/calloutlambda/main.go:451.2,451.54 1 1
github.eagleview.com/engineering/symphony-service/lambdas/calloutlambda/main.go:454.2,454.12 1 1
github.eagleview.com/engineering/symphony-service/lambdas/calloutlambda/main.go:439.68,441.3 1 1
github.eagleview.com/engineering/symphony-service/lambdas/calloutlambda/main.go:445.68,447.3 1 1
github.eagleview.com/engineering/symphony-service/lambdas/calloutlambda/main.go:448.88,450.3 1 1
github.eagleview.com/engineering/symphony-service/lambdas/calloutlambda/main.go:451.54,453.3 1 0
github.eagleview.com/engineering/symphony-service/lambdas/calloutlambda/main.go:457.69,459.16 2 0
github.eagleview.com/engineering/symphony-service/lambdas/calloutlambda/main.go:463.2,464.54 2 0
github.eagleview.com/engineering/symphony-service/lambdas/calloutlambda/main.go:470.2,470.25 1 0
github.eagleview.com/engineering/symphony-service/lambdas/calloutlambda/main.go:473.2,474.30 2 0
github.eagleview.com/engineering/symphony-service/lambdas/calloutlambda/main.go:459.16,462.3 2 0
github.eagleview.com/engineering/symphony-service/lambdas/calloutlambda/main.go:464.54,465.30 1 0
github.eagleview.com/engineering/symphony-service/lambdas/calloutlambda/main.go:465.30,467.9 2 0
github.eagleview.com/engineering/symphony-service/lambdas/calloutlambda/main.go:470.25,472.3 1 0
github.eagleview.com/engineering/symphony-service/lambdas/calloutlambda/main.go:477.100,481.44 3 1
github.eagleview.com/engineering/symphony-service/lambdas/calloutlambda/main.go:486.2,487.23 2 1
github.eagleview.com/engineering/symphony-service/lambdas/calloutlambda/main.go:491.2,498.32 4 1
github.eagleview.com/engineering/symphony-service/lambdas/calloutlambda/main.go:529.2,529.21 1 1
github.eagleview.com/engineering/symphony-service/lambdas/calloutlambda/main.go:546.2,546.32 1 1
github.eagleview.com/engineering/symphony-service/lambdas/calloutlambda/main.go:560.2,560.29 1 1
github.eagleview.com/engineering/symphony-service/lambdas/calloutlambda/main.go:577.2,578.16 2 1
github.eagleview.com/engineering/symphony-service/lambdas/calloutlambda/main.go:583.2,583.37 1 1
github.eagleview.com/engineering/symphony-service/lambdas/calloutlambda/main.go:603.2,604.25 2 1
github.eagleview.com/engineering/symphony-service/lambdas/calloutlambda/main.go:608.2,614.23 6 1
github.eagleview.com/engineering/symphony-service/lambdas/calloutlambda/main.go:639.2,639.46 1 1
github.eagleview.com/engineering/symphony-service/lambdas/calloutlambda/main.go:645.2,645.28 1 1
github.eagleview.com/engineering/symphony-service/lambdas/calloutlambda/main.go:654.2,654.30 1 1
github.eagleview.com/engineering/symphony-service/lambdas/calloutlambda/main.go:664.2,664.33 1 1
github.eagleview.com/engineering/symphony-service/lambdas/calloutlambda/main.go:689.2,691.38 2 1
github.eagleview.com/engineering/symphony-service/lambdas/calloutlambda/main.go:481.44,484.3 2 1
github.eagleview.com/engineering/symphony-service/lambdas/calloutlambda/main.go:487.23,489.3 1 1
github.eagleview.com/engineering/symphony-service/lambdas/calloutlambda/main.go:498.32,500.41 2 1
github.eagleview.com/engineering/symphony-service/lambdas/calloutlambda/main.go:512.3,520.17 3 1
github.eagleview.com/engineering/symphony-service/lambdas/calloutlambda/main.go:524.3,526.29 3 1
github.eagleview.com/engineering/symphony-service/lambdas/calloutlambda/main.go:500.41,502.26 2 0
github.eagleview.com/engineering/symphony-service/lambdas/calloutlambda/main.go:502.26,504.5 1 0
github.eagleview.com/engineering/symphony-service/lambdas/calloutlambda/main.go:504.10,506.5 1 0
github.eagleview.com/engineering/symphony-service/lambdas/calloutlambda/main.go:507.9,508.70 1 1
github.eagleview.com/engineering/symphony-service/lambdas/calloutlambda/main.go:508.70,510.5 1 0
github.eagleview.com/engineering/symphony-service/lambdas/calloutlambda/main.go:520.17,523.4 2 1
github.eagleview.com/engineering/symphony-service/lambdas/calloutlambda/main.go:529.21,535.60 2 1
github.eagleview.com/engineering/symphony-service/lambdas/calloutlambda/main.go:535.60,536.35 1 1
github.eagleview.com/engineering/symphony-service/lambdas/calloutlambda/main.go:542.4,542.23 1 1
github.eagleview.com/engineering/symphony-service/lambdas/calloutlambda/main.go:536.35,539.5 2 1
github.eagleview.com/engineering/symphony-service/lambdas/calloutlambda/main.go:539.10,541.5 1 1
github.eagleview.com/engineering/symphony-service/lambdas/calloutlambda/main.go:546.32,549.17 3 1
github.eagleview.com/engineering/symphony-service/lambdas/calloutlambda/main.go:553.3,553.26 1 1
github.eagleview.com/engineering/symphony-service/lambdas/calloutlambda/main.go:556.3,558.27 3 1
github.eagleview.com/engineering/symphony-service/lambdas/calloutlambda/main.go:549.17,552.4 2 1
github.eagleview.com/engineering/symphony-service/lambdas/calloutlambda/main.go:553.26,555.4 1 1
github.eagleview.com/engineering/symphony-service/lambdas/calloutlambda/main.go:560.29,563.17 3 1
github.eagleview.com/engineering/symphony-service/lambdas/calloutlambda/main.go:568.3,569.17 2 1
github.eagleview.com/engineering/symphony-service/lambdas/calloutlambda/main.go:573.3,575.29 3 1
github.eagleview.com/engineering/symphony-service/lambdas/calloutlambda/main.go:563.17,567.4 3 0
github.eagleview.com/engineering/symphony-service/lambdas/calloutlambda/main.go:569.17,572.4 2 1
github.eagleview.com/engineering/symphony-service/lambdas/calloutlambda/main.go:578.16,582.3 3 0
github.eagleview.com/engineering/symphony-service/lambdas/calloutlambda/main.go:583.37,585.17 2 0
github.eagleview.com/engineering/symphony-service/lambdas/calloutlambda/main.go:589.3,590.17 2 0
github.eagleview.com/engineering/symphony-service/lambdas/calloutlambda/main.go:594.3,594.39 1 0
github.eagleview.com/engineering/symphony-service/lambdas/calloutlambda/main.go:585.17,588.4 2 0
github.eagleview.com/engineering/symphony-service/lambdas/calloutlambda/main.go:590.17,593.4 2 0
github.eagleview.com/engineering/symphony-service/lambdas/calloutlambda/main.go:594.39,596.18 2 0
github.eagleview.com/engineering/symphony-service/lambdas/calloutlambda/main.go:596.18,599.5 2 0
github.eagleview.com/engineering/symphony-service/lambdas/calloutlambda/main.go:604.25,606.3 1 1
github.eagleview.com/engineering/symphony-service/lambdas/calloutlambda/main.go:615.17,618.27 3 1
github.eagleview.com/engineering/symphony-service/lambdas/calloutlambda/main.go:623.43,627.27 3 1
github.eagleview.com/engineering/symphony-service/lambdas/calloutlambda/main.go:632.10,635.180 3 0
github.eagleview.com/engineering/symphony-service/lambdas/calloutlambda/main.go:618.27,621.4 2 1
github.eagleview.com/engineering/symphony-service/lambdas/calloutlambda/main.go:627.27,630.4 2 1
github.eagleview.com/engineering/symphony-service/lambdas/calloutlambda/main.go:639.46,643.3 3 1
github.eagleview.com/engineering/symphony-service/lambdas/calloutlambda/main.go:645.28,647.17 2 1
github.eagleview.com/engineering/symphony-service/lambdas/calloutlambda/main.go:647.17,651.4 3 1
github.eagleview.com/engineering/symphony-service/lambdas/calloutlambda/main.go:654.30,657.17 3 1
github.eagleview.com/engineering/symphony-service/lambdas/calloutlambda/main.go:661.3,661.56 1 1
github.eagleview.com/engineering/symphony-service/lambdas/calloutlambda/main.go:657.17,660.4 2 1
github.eagleview.com/engineering/symphony-service/lambdas/calloutlambda/main.go:664.33,666.18 2 1
github.eagleview.com/engineering/symphony-service/lambdas/calloutlambda/main.go:681.3,683.17 3 1
github.eagleview.com/engineering/symphony-service/lambdas/calloutlambda/main.go:666.18,670.18 4 1
github.eagleview.com/engineering/symphony-service/lambdas/calloutlambda/main.go:675.4,675.47 1 1
github.eagleview.com/engineering/symphony-service/lambdas/calloutlambda/main.go:670.18,674.5 3 1
github.eagleview.com/engineering/symphony-service/lambdas/calloutlambda/main.go:675.47,679.5 3 1
github.eagleview.com/engineering/symphony-service/lambdas/calloutlambda/main.go:683.17,686.4 2 1
github.eagleview.com/engineering/symphony-service/lambdas/calloutlambda/main.go:694.87,712.23 7 1
github.eagleview.com/engineering/symphony-service/lambdas/calloutlambda/main.go:716.2,716.21 1 1
github.eagleview.com/engineering/symphony-service/lambdas/calloutlambda/main.go:723.2,724.16 2 1
github.eagleview.com/engineering/symphony-service/lambdas/calloutlambda/main.go:728.2,729.23 2 1
github.eagleview.com/engineering/symphony-service/lambdas/calloutlambda/main.go:712.23,715.3 2 1
github.eagleview.com/engineering/symphony-service/lambdas/calloutlambda/main.go:716.21,719.3 2 1
github.eagleview.com/engineering/symphony-service/lambdas/calloutlambda/main.go:719.8,722.3 2 1
github.eagleview.com/engineering/symphony-service/lambdas/calloutlambda/main.go:724.16,727.3 2 1
github.eagleview.com/engineering/symphony-service/lambdas/calloutlambda/main.go:729.23,734.3 3 1
github.eagleview.com/engineering/symphony-service/lambdas/calloutlambda/main.go:734.8,737.17 3 1
github.eagleview.com/engineering/symphony-service/lambdas/calloutlambda/main.go:741.3,741.23 1 1
github.eagleview.com/engineering/symphony-service/lambdas/calloutlambda/main.go:737.17,740.4 2 0
github.eagleview.com/engineering/symphony-service/lambdas/calloutlambda/main.go:745.91,747.16 2 1
github.eagleview.com/engineering/symphony-service/lambdas/calloutlambda/main.go:751.2,751.18 1 1
github.eagleview.com/engineering/symphony-service/lambdas/calloutlambda/main.go:747.16,750.3 2 1
github.eagleview.com/engineering/symphony-service/lambdas/calloutlambda/main.go:754.13,758.2 3 0
